<?xml version="1.0" encoding="UTF-8"?>
<!-- Generated by org.testng.reporters.JUnitReportReporter -->
<testsuite hostname="DESKTOP-C0N9DTU" failures="0" tests="6" name="Testing.AmazonTest" time="56.697" errors="0" timestamp="17 Dec 2020 07:38:03 GMT" skipped="0">
  <testcase classname="Testing.AmazonTest" name="filter" time="7.890"/>
  <testcase classname="Testing.AmazonTest" name="selectProduct" time="5.450"/>
  <testcase classname="Testing.AmazonTest" name="signIn" time="5.864"/>
  <testcase classname="Testing.AmazonTest" name="checkOut" time="8.201"/>
  <testcase classname="Testing.AmazonTest" name="addToCart" time="21.350"/>
  <testcase classname="Testing.AmazonTest" name="search" time="7.942"/>
</testsuite> <!-- Testing.AmazonTest -->
