<?xml version="1.0" encoding="UTF-8"?>
<!-- Generated by org.testng.reporters.JUnitReportReporter -->
<testsuite hostname="LAPTOP-AMIT" failures="0" tests="6" name="AmazonSiteTesting.AmazonTest" time="168.482" errors="0" timestamp="2020-12-18T08:35:32 IST" skipped="0">
  <testcase classname="AmazonSiteTesting.AmazonTest" name="search" time="4.337"/>
  <system-out/>
  <testcase classname="AmazonSiteTesting.AmazonTest" name="addToCart" time="34.965"/>
  <system-out/>
  <testcase classname="AmazonSiteTesting.AmazonTest" name="filter" time="14.785"/>
  <system-out/>
  <testcase classname="AmazonSiteTesting.AmazonTest" name="homePageNavigation" time="105.117"/>
  <system-out/>
  <testcase classname="AmazonSiteTesting.AmazonTest" name="selectProduct" time="9.276"/>
  <system-out/>
  <testcase classname="AmazonSiteTesting.AmazonTest" name="login" time="0.002"/>
  <system-out/>
</testsuite> <!-- AmazonSiteTesting.AmazonTest -->
