<?xml version="1.0" encoding="UTF-8"?>
<!-- Generated by org.testng.reporters.JUnitReportReporter -->
<testsuite hostname="DESKTOP-C0N9DTU" failures="0" tests="6" name="Testing.AmazonTest" time="56.588" errors="0" timestamp="17 Dec 2020 06:45:58 GMT" skipped="0">
  <testcase classname="Testing.AmazonTest" name="checkOut" time="8.527"/>
  <testcase classname="Testing.AmazonTest" name="search" time="7.050"/>
  <testcase classname="Testing.AmazonTest" name="selectProduct" time="5.172"/>
  <testcase classname="Testing.AmazonTest" name="addToCart" time="19.660"/>
  <testcase classname="Testing.AmazonTest" name="filter" time="10.725"/>
  <testcase classname="Testing.AmazonTest" name="signIn" time="5.454"/>
</testsuite> <!-- Testing.AmazonTest -->
