<?xml version="1.0" encoding="UTF-8"?>
<!-- Generated by org.testng.reporters.JUnitReportReporter -->
<testsuite hostname="LAPTOP-AMIT" failures="0" tests="5" name="AmazonSiteTesting.AmazonTest" time="60.223" errors="0" timestamp="18 Dec 2020 02:28:54 GMT" skipped="0">
  <testcase classname="AmazonSiteTesting.AmazonTest" name="login" time="0.003"/>
  <testcase classname="AmazonSiteTesting.AmazonTest" name="addToCart" time="34.031"/>
  <testcase classname="AmazonSiteTesting.AmazonTest" name="selectProduct" time="9.980"/>
  <testcase classname="AmazonSiteTesting.AmazonTest" name="filter" time="13.803"/>
  <testcase classname="AmazonSiteTesting.AmazonTest" name="search" time="2.406"/>
</testsuite> <!-- AmazonSiteTesting.AmazonTest -->
